** TERM signal received.
** Daemonized, any open files are closed.  Look at log/mongrel.pid and log/mongrel.log for info.
** Starting Mongrel listening at 0.0.0.0:12071
** Starting Rails with production environment...
/usr/lib/ruby/site_ruby/1.8/rubygems/custom_require.rb:31:in `gem_original_require': no such file to load -- /home/tyktykco/tyktyk/config/mongrel (MissingSourceFile)
	from /usr/lib/ruby/site_ruby/1.8/rubygems/custom_require.rb:31:in `require'
	from /usr/lib/ruby/gems/1.8/gems/activesupport-2.3.8/lib/active_support/dependencies.rb:158:in `require'
	from /home/tyktykco/tyktyk/config/environment.rb:44
	from /usr/lib/ruby/site_ruby/1.8/rubygems/custom_require.rb:31:in `gem_original_require'
	from /usr/lib/ruby/site_ruby/1.8/rubygems/custom_require.rb:31:in `require'
	from /usr/lib/ruby/gems/1.8/gems/mongrel-1.1.5/bin/../lib/mongrel/rails.rb:147:in `rails'
	from /usr/lib/ruby/gems/1.8/gems/mongrel-1.1.5/bin/mongrel_rails:113:in `cloaker_'
	from /usr/lib/ruby/gems/1.8/gems/mongrel-1.1.5/bin/../lib/mongrel/configurator.rb:149:in `call'
	from /usr/lib/ruby/gems/1.8/gems/mongrel-1.1.5/bin/../lib/mongrel/configurator.rb:149:in `listener'
	from /usr/lib/ruby/gems/1.8/gems/mongrel-1.1.5/bin/mongrel_rails:99:in `cloaker_'
	from /usr/lib/ruby/gems/1.8/gems/mongrel-1.1.5/bin/../lib/mongrel/configurator.rb:50:in `call'
	from /usr/lib/ruby/gems/1.8/gems/mongrel-1.1.5/bin/../lib/mongrel/configurator.rb:50:in `initialize'
	from /usr/lib/ruby/gems/1.8/gems/mongrel-1.1.5/bin/mongrel_rails:84:in `new'
	from /usr/lib/ruby/gems/1.8/gems/mongrel-1.1.5/bin/mongrel_rails:84:in `run'
	from /usr/lib/ruby/gems/1.8/gems/mongrel-1.1.5/bin/../lib/mongrel/command.rb:212:in `run'
	from /usr/lib/ruby/gems/1.8/gems/mongrel-1.1.5/bin/mongrel_rails:281
	from /usr/bin/mongrel_rails:19:in `load'
	from /usr/bin/mongrel_rails:19
** Daemonized, any open files are closed.  Look at log/mongrel.pid and log/mongrel.log for info.
** Starting Mongrel listening at 0.0.0.0:12071
** Starting Rails with production environment...
** Rails loaded.
** Loading any Rails specific GemPlugins
** Signals ready.  TERM => stop.  USR2 => restart.  INT => stop (no restart).
** Rails signals registered.  HUP => reload (without restart).  It might not work well.
** Mongrel 1.1.5 available at 0.0.0.0:12071
** Writing PID file to log/mongrel.pid
** TERM signal received.
